mode: set
github.com/chauhanrohit11/bank/db/sqlc/account.sql.go:27.96,38.2 4 0
github.com/chauhanrohit11/bank/db/sqlc/account.sql.go:45.70,48.2 2 0
github.com/chauhanrohit11/bank/db/sqlc/account.sql.go:55.78,66.2 4 0
github.com/chauhanrohit11/bank/db/sqlc/account.sql.go:80.94,82.16 2 0
github.com/chauhanrohit11/bank/db/sqlc/account.sql.go:82.16,84.3 1 0
github.com/chauhanrohit11/bank/db/sqlc/account.sql.go:85.2,87.18 3 0
github.com/chauhanrohit11/bank/db/sqlc/account.sql.go:87.18,95.17 2 0
github.com/chauhanrohit11/bank/db/sqlc/account.sql.go:95.17,97.4 1 0
github.com/chauhanrohit11/bank/db/sqlc/account.sql.go:98.3,98.27 1 0
github.com/chauhanrohit11/bank/db/sqlc/account.sql.go:100.2,100.37 1 0
github.com/chauhanrohit11/bank/db/sqlc/account.sql.go:100.37,102.3 1 0
github.com/chauhanrohit11/bank/db/sqlc/account.sql.go:103.2,103.35 1 0
github.com/chauhanrohit11/bank/db/sqlc/account.sql.go:103.35,105.3 1 0
github.com/chauhanrohit11/bank/db/sqlc/account.sql.go:106.2,106.19 1 0
github.com/chauhanrohit11/bank/db/sqlc/account.sql.go:121.85,124.2 2 0
github.com/chauhanrohit11/bank/db/sqlc/db.go:19.28,21.2 1 0
github.com/chauhanrohit11/bank/db/sqlc/db.go:27.47,31.2 1 0
github.com/chauhanrohit11/bank/db/sqlc/entry.sql.go:26.90,36.2 4 0
github.com/chauhanrohit11/bank/db/sqlc/entry.sql.go:43.74,53.2 4 0
github.com/chauhanrohit11/bank/db/sqlc/entry.sql.go:69.92,71.16 2 0
github.com/chauhanrohit11/bank/db/sqlc/entry.sql.go:71.16,73.3 1 0
github.com/chauhanrohit11/bank/db/sqlc/entry.sql.go:74.2,76.18 3 0
github.com/chauhanrohit11/bank/db/sqlc/entry.sql.go:76.18,83.17 2 0
github.com/chauhanrohit11/bank/db/sqlc/entry.sql.go:83.17,85.4 1 0
github.com/chauhanrohit11/bank/db/sqlc/entry.sql.go:86.3,86.27 1 0
github.com/chauhanrohit11/bank/db/sqlc/entry.sql.go:88.2,88.37 1 0
github.com/chauhanrohit11/bank/db/sqlc/entry.sql.go:88.37,90.3 1 0
github.com/chauhanrohit11/bank/db/sqlc/entry.sql.go:91.2,91.35 1 0
github.com/chauhanrohit11/bank/db/sqlc/entry.sql.go:91.35,93.3 1 0
github.com/chauhanrohit11/bank/db/sqlc/entry.sql.go:94.2,94.19 1 0
github.com/chauhanrohit11/bank/db/sqlc/transfer.sql.go:28.99,39.2 4 0
github.com/chauhanrohit11/bank/db/sqlc/transfer.sql.go:46.80,57.2 4 0
github.com/chauhanrohit11/bank/db/sqlc/transfer.sql.go:76.99,83.16 2 0
github.com/chauhanrohit11/bank/db/sqlc/transfer.sql.go:83.16,85.3 1 0
github.com/chauhanrohit11/bank/db/sqlc/transfer.sql.go:86.2,88.18 3 0
github.com/chauhanrohit11/bank/db/sqlc/transfer.sql.go:88.18,96.17 2 0
github.com/chauhanrohit11/bank/db/sqlc/transfer.sql.go:96.17,98.4 1 0
github.com/chauhanrohit11/bank/db/sqlc/transfer.sql.go:99.3,99.27 1 0
github.com/chauhanrohit11/bank/db/sqlc/transfer.sql.go:101.2,101.37 1 0
github.com/chauhanrohit11/bank/db/sqlc/transfer.sql.go:101.37,103.3 1 0
github.com/chauhanrohit11/bank/db/sqlc/transfer.sql.go:104.2,104.35 1 0
github.com/chauhanrohit11/bank/db/sqlc/transfer.sql.go:104.35,106.3 1 0
github.com/chauhanrohit11/bank/db/sqlc/transfer.sql.go:107.2,107.19 1 0
